This file contains any messages produced by compilers while
running configure, to aid debugging if configure makes a mistake.

It was created by apache-yangrpc-example-module configure 2.9, which was
generated by GNU Autoconf 2.69.  Invocation command line was

  $ ./configure CFLAGS=-g -O0 CXXFLAGS=-g -O0 --prefix=/usr

## --------- ##
## Platform. ##
## --------- ##

hostname = jani-VirtualBox
uname -m = x86_64
uname -r = 4.4.0-31-generic
uname -s = Linux
uname -v = #50-Ubuntu SMP Wed Jul 13 00:07:12 UTC 2016

/usr/bin/uname -p = unknown
/bin/uname -X     = unknown

/bin/arch              = unknown
/usr/bin/arch -k       = unknown
/usr/convex/getsysinfo = unknown
/usr/bin/hostinfo      = unknown
/bin/machine           = unknown
/usr/bin/oslevel       = unknown
/bin/universe          = unknown

PATH: /home/jani/bin
PATH: /home/jani/.local/bin
PATH: /usr/local/sbin
PATH: /usr/local/bin
PATH: /usr/sbin
PATH: /usr/bin
PATH: /sbin
PATH: /bin
PATH: /usr/games
PATH: /usr/local/games
PATH: /snap/bin


## ----------- ##
## Core tests. ##
## ----------- ##

configure:2319: checking build system type
configure:2333: result: x86_64-pc-linux-gnu
configure:2353: checking host system type
configure:2366: result: x86_64-pc-linux-gnu
configure:2386: checking target system type
configure:2399: result: x86_64-pc-linux-gnu
configure:2443: checking for a BSD-compatible install
configure:2511: result: /usr/bin/install -c
configure:2522: checking whether build environment is sane
configure:2577: result: yes
configure:2728: checking for a thread-safe mkdir -p
configure:2767: result: /bin/mkdir -p
configure:2774: checking for gawk
configure:2804: result: no
configure:2774: checking for mawk
configure:2790: found /usr/bin/mawk
configure:2801: result: mawk
configure:2812: checking whether make sets $(MAKE)
configure:2834: result: yes
configure:2863: checking whether make supports nested variables
configure:2880: result: yes
configure:3052: checking how to print strings
configure:3079: result: printf
configure:3112: checking for style of include used by make
configure:3140: result: GNU
configure:3211: checking for gcc
configure:3227: found /usr/bin/gcc
configure:3238: result: gcc
configure:3467: checking for C compiler version
configure:3476: gcc --version >&5
gcc (Ubuntu 5.4.0-6ubuntu1~16.04.4) 5.4.0 20160609
Copyright (C) 2015 Free Software Foundation, Inc.
This is free software; see the source for copying conditions.  There is NO
warranty; not even for MERCHANTABILITY or FITNESS FOR A PARTICULAR PURPOSE.

configure:3487: $? = 0
configure:3476: gcc -v >&5
Using built-in specs.
COLLECT_GCC=gcc
COLLECT_LTO_WRAPPER=/usr/lib/gcc/x86_64-linux-gnu/5/lto-wrapper
Target: x86_64-linux-gnu
Configured with: ../src/configure -v --with-pkgversion='Ubuntu 5.4.0-6ubuntu1~16.04.4' --with-bugurl=file:///usr/share/doc/gcc-5/README.Bugs --enable-languages=c,ada,c++,java,go,d,fortran,objc,obj-c++ --prefix=/usr --program-suffix=-5 --enable-shared --enable-linker-build-id --libexecdir=/usr/lib --without-included-gettext --enable-threads=posix --libdir=/usr/lib --enable-nls --with-sysroot=/ --enable-clocale=gnu --enable-libstdcxx-debug --enable-libstdcxx-time=yes --with-default-libstdcxx-abi=new --enable-gnu-unique-object --disable-vtable-verify --enable-libmpx --enable-plugin --with-system-zlib --disable-browser-plugin --enable-java-awt=gtk --enable-gtk-cairo --with-java-home=/usr/lib/jvm/java-1.5.0-gcj-5-amd64/jre --enable-java-home --with-jvm-root-dir=/usr/lib/jvm/java-1.5.0-gcj-5-amd64 --with-jvm-jar-dir=/usr/lib/jvm-exports/java-1.5.0-gcj-5-amd64 --with-arch-directory=amd64 --with-ecj-jar=/usr/share/java/eclipse-ecj.jar --enable-objc-gc --enable-multiarch --disable-werror --with-arch-32=i686 --with-abi=m64 --with-multilib-list=m32,m64,mx32 --enable-multilib --with-tune=generic --enable-checking=release --build=x86_64-linux-gnu --host=x86_64-linux-gnu --target=x86_64-linux-gnu
Thread model: posix
gcc version 5.4.0 20160609 (Ubuntu 5.4.0-6ubuntu1~16.04.4) 
configure:3487: $? = 0
configure:3476: gcc -V >&5
gcc: error: unrecognized command line option '-V'
gcc: fatal error: no input files
compilation terminated.
configure:3487: $? = 1
configure:3476: gcc -qversion >&5
gcc: error: unrecognized command line option '-qversion'
gcc: fatal error: no input files
compilation terminated.
configure:3487: $? = 1
configure:3507: checking whether the C compiler works
configure:3529: gcc -g -O0   conftest.c  >&5
configure:3533: $? = 0
configure:3581: result: yes
configure:3584: checking for C compiler default output file name
configure:3586: result: a.out
configure:3592: checking for suffix of executables
configure:3599: gcc -o conftest -g -O0   conftest.c  >&5
configure:3603: $? = 0
configure:3625: result: 
configure:3647: checking whether we are cross compiling
configure:3655: gcc -o conftest -g -O0   conftest.c  >&5
configure:3659: $? = 0
configure:3666: ./conftest
configure:3670: $? = 0
configure:3685: result: no
configure:3690: checking for suffix of object files
configure:3712: gcc -c -g -O0  conftest.c >&5
configure:3716: $? = 0
configure:3737: result: o
configure:3741: checking whether we are using the GNU C compiler
configure:3760: gcc -c -g -O0  conftest.c >&5
configure:3760: $? = 0
configure:3769: result: yes
configure:3778: checking whether gcc accepts -g
configure:3798: gcc -c -g  conftest.c >&5
configure:3798: $? = 0
configure:3839: result: yes
configure:3856: checking for gcc option to accept ISO C89
configure:3919: gcc  -c -g -O0  conftest.c >&5
configure:3919: $? = 0
configure:3932: result: none needed
configure:3957: checking whether gcc understands -c and -o together
configure:3979: gcc -c conftest.c -o conftest2.o
configure:3982: $? = 0
configure:3979: gcc -c conftest.c -o conftest2.o
configure:3982: $? = 0
configure:3994: result: yes
configure:4013: checking dependency style of gcc
configure:4124: result: gcc3
configure:4139: checking for a sed that does not truncate output
configure:4203: result: /bin/sed
configure:4221: checking for grep that handles long lines and -e
configure:4279: result: /bin/grep
configure:4284: checking for egrep
configure:4346: result: /bin/grep -E
configure:4351: checking for fgrep
configure:4413: result: /bin/grep -F
configure:4448: checking for ld used by gcc
configure:4515: result: /usr/bin/ld
configure:4522: checking if the linker (/usr/bin/ld) is GNU ld
configure:4537: result: yes
configure:4549: checking for BSD- or MS-compatible name lister (nm)
configure:4603: result: /usr/bin/nm -B
configure:4733: checking the name lister (/usr/bin/nm -B) interface
configure:4740: gcc -c -g -O0  conftest.c >&5
configure:4743: /usr/bin/nm -B "conftest.o"
configure:4746: output
0000000000000000 B some_variable
configure:4753: result: BSD nm
configure:4756: checking whether ln -s works
configure:4760: result: yes
configure:4768: checking the maximum length of command line arguments
configure:4899: result: 1572864
configure:4947: checking how to convert x86_64-pc-linux-gnu file names to x86_64-pc-linux-gnu format
configure:4987: result: func_convert_file_noop
configure:4994: checking how to convert x86_64-pc-linux-gnu file names to toolchain format
configure:5014: result: func_convert_file_noop
configure:5021: checking for /usr/bin/ld option to reload object files
configure:5028: result: -r
configure:5102: checking for objdump
configure:5118: found /usr/bin/objdump
configure:5129: result: objdump
configure:5161: checking how to recognize dependent libraries
configure:5361: result: pass_all
configure:5446: checking for dlltool
configure:5476: result: no
configure:5506: checking how to associate runtime and link libraries
configure:5533: result: printf %s\n
configure:5594: checking for ar
configure:5610: found /usr/bin/ar
configure:5621: result: ar
configure:5658: checking for archiver @FILE support
configure:5675: gcc -c -g -O0  conftest.c >&5
configure:5675: $? = 0
configure:5678: ar cru libconftest.a @conftest.lst >&5
ar: `u' modifier ignored since `D' is the default (see `U')
configure:5681: $? = 0
configure:5686: ar cru libconftest.a @conftest.lst >&5
ar: `u' modifier ignored since `D' is the default (see `U')
ar: conftest.o: No such file or directory
configure:5689: $? = 1
configure:5701: result: @
configure:5759: checking for strip
configure:5775: found /usr/bin/strip
configure:5786: result: strip
configure:5858: checking for ranlib
configure:5874: found /usr/bin/ranlib
configure:5885: result: ranlib
configure:5987: checking command to parse /usr/bin/nm -B output from gcc object
configure:6140: gcc -c -g -O0  conftest.c >&5
configure:6143: $? = 0
configure:6147: /usr/bin/nm -B conftest.o \| sed -n -e 's/^.*[ ]\([ABCDGIRSTW][ABCDGIRSTW]*\)[ ][ ]*\([_A-Za-z][_A-Za-z0-9]*\)$/\1 \2 \2/p' | sed '/ __gnu_lto/d' \> conftest.nm
configure:6150: $? = 0
configure:6216: gcc -o conftest -g -O0   conftest.c conftstm.o >&5
configure:6219: $? = 0
configure:6257: result: ok
configure:6304: checking for sysroot
configure:6334: result: no
configure:6341: checking for a working dd
configure:6379: result: /bin/dd
configure:6383: checking how to truncate binary pipes
configure:6398: result: /bin/dd bs=4096 count=1
configure:6534: gcc -c -g -O0  conftest.c >&5
configure:6537: $? = 0
configure:6727: checking for mt
configure:6743: found /bin/mt
configure:6754: result: mt
configure:6777: checking if mt is a manifest tool
configure:6783: mt '-?'
configure:6791: result: no
configure:7468: checking how to run the C preprocessor
configure:7499: gcc -E  conftest.c
configure:7499: $? = 0
configure:7513: gcc -E  conftest.c
conftest.c:11:28: fatal error: ac_nonexistent.h: No such file or directory
compilation terminated.
configure:7513: $? = 1
configure: failed program was:
| /* confdefs.h */
| #define PACKAGE_NAME "apache-yangrpc-example-module"
| #define PACKAGE_TARNAME "apache-yangrpc-example-module"
| #define PACKAGE_VERSION "2.9"
| #define PACKAGE_STRING "apache-yangrpc-example-module 2.9"
| #define PACKAGE_BUGREPORT "vladimir@transpacket.com"
| #define PACKAGE_URL ""
| #define PACKAGE "apache-yangrpc-example-module"
| #define VERSION "2.9"
| /* end confdefs.h.  */
| #include <ac_nonexistent.h>
configure:7538: result: gcc -E
configure:7558: gcc -E  conftest.c
configure:7558: $? = 0
configure:7572: gcc -E  conftest.c
conftest.c:11:28: fatal error: ac_nonexistent.h: No such file or directory
compilation terminated.
configure:7572: $? = 1
configure: failed program was:
| /* confdefs.h */
| #define PACKAGE_NAME "apache-yangrpc-example-module"
| #define PACKAGE_TARNAME "apache-yangrpc-example-module"
| #define PACKAGE_VERSION "2.9"
| #define PACKAGE_STRING "apache-yangrpc-example-module 2.9"
| #define PACKAGE_BUGREPORT "vladimir@transpacket.com"
| #define PACKAGE_URL ""
| #define PACKAGE "apache-yangrpc-example-module"
| #define VERSION "2.9"
| /* end confdefs.h.  */
| #include <ac_nonexistent.h>
configure:7601: checking for ANSI C header files
configure:7621: gcc -c -g -O0  conftest.c >&5
configure:7621: $? = 0
configure:7694: gcc -o conftest -g -O0   conftest.c  >&5
configure:7694: $? = 0
configure:7694: ./conftest
configure:7694: $? = 0
configure:7705: result: yes
configure:7718: checking for sys/types.h
configure:7718: gcc -c -g -O0  conftest.c >&5
configure:7718: $? = 0
configure:7718: result: yes
configure:7718: checking for sys/stat.h
configure:7718: gcc -c -g -O0  conftest.c >&5
configure:7718: $? = 0
configure:7718: result: yes
configure:7718: checking for stdlib.h
configure:7718: gcc -c -g -O0  conftest.c >&5
configure:7718: $? = 0
configure:7718: result: yes
configure:7718: checking for string.h
configure:7718: gcc -c -g -O0  conftest.c >&5
configure:7718: $? = 0
configure:7718: result: yes
configure:7718: checking for memory.h
configure:7718: gcc -c -g -O0  conftest.c >&5
configure:7718: $? = 0
configure:7718: result: yes
configure:7718: checking for strings.h
configure:7718: gcc -c -g -O0  conftest.c >&5
configure:7718: $? = 0
configure:7718: result: yes
configure:7718: checking for inttypes.h
configure:7718: gcc -c -g -O0  conftest.c >&5
configure:7718: $? = 0
configure:7718: result: yes
configure:7718: checking for stdint.h
configure:7718: gcc -c -g -O0  conftest.c >&5
configure:7718: $? = 0
configure:7718: result: yes
configure:7718: checking for unistd.h
configure:7718: gcc -c -g -O0  conftest.c >&5
configure:7718: $? = 0
configure:7718: result: yes
configure:7732: checking for dlfcn.h
configure:7732: gcc -c -g -O0  conftest.c >&5
configure:7732: $? = 0
configure:7732: result: yes
configure:7987: checking for objdir
configure:8002: result: .libs
configure:8262: checking if gcc supports -fno-rtti -fno-exceptions
configure:8280: gcc -c -g -O0  -fno-rtti -fno-exceptions conftest.c >&5
cc1: warning: command line option '-fno-rtti' is valid for C++/ObjC++ but not for C
configure:8284: $? = 0
configure:8297: result: no
configure:8655: checking for gcc option to produce PIC
configure:8662: result: -fPIC -DPIC
configure:8670: checking if gcc PIC flag -fPIC -DPIC works
configure:8688: gcc -c -g -O0  -fPIC -DPIC -DPIC conftest.c >&5
configure:8692: $? = 0
configure:8705: result: yes
configure:8734: checking if gcc static flag -static works
configure:8762: result: yes
configure:8777: checking if gcc supports -c -o file.o
configure:8798: gcc -c -g -O0  -o out/conftest2.o conftest.c >&5
configure:8802: $? = 0
configure:8824: result: yes
configure:8832: checking if gcc supports -c -o file.o
configure:8879: result: yes
configure:8912: checking whether the gcc linker (/usr/bin/ld -m elf_x86_64) supports shared libraries
configure:10175: result: yes
configure:10212: checking whether -lc should be explicitly linked in
configure:10220: gcc -c -g -O0  conftest.c >&5
configure:10223: $? = 0
configure:10238: gcc -shared  -fPIC -DPIC conftest.o  -v -Wl,-soname -Wl,conftest -o conftest 2\>\&1 \| /bin/grep  -lc  \>/dev/null 2\>\&1
configure:10241: $? = 0
configure:10255: result: no
configure:10415: checking dynamic linker characteristics
configure:10996: gcc -o conftest -g -O0   -Wl,-rpath -Wl,/foo conftest.c  >&5
configure:10996: $? = 0
configure:11245: result: GNU/Linux ld.so
configure:11367: checking how to hardcode library paths into programs
configure:11392: result: immediate
configure:11940: checking whether stripping libraries is possible
configure:11945: result: yes
configure:11980: checking if libtool supports shared libraries
configure:11982: result: yes
configure:11985: checking whether to build shared libraries
configure:12010: result: yes
configure:12013: checking whether to build static libraries
configure:12017: result: no
configure:12103: checking for gcc
configure:12130: result: gcc
configure:12359: checking for C compiler version
configure:12368: gcc --version >&5
gcc (Ubuntu 5.4.0-6ubuntu1~16.04.4) 5.4.0 20160609
Copyright (C) 2015 Free Software Foundation, Inc.
This is free software; see the source for copying conditions.  There is NO
warranty; not even for MERCHANTABILITY or FITNESS FOR A PARTICULAR PURPOSE.

configure:12379: $? = 0
configure:12368: gcc -v >&5
Using built-in specs.
COLLECT_GCC=gcc
COLLECT_LTO_WRAPPER=/usr/lib/gcc/x86_64-linux-gnu/5/lto-wrapper
Target: x86_64-linux-gnu
Configured with: ../src/configure -v --with-pkgversion='Ubuntu 5.4.0-6ubuntu1~16.04.4' --with-bugurl=file:///usr/share/doc/gcc-5/README.Bugs --enable-languages=c,ada,c++,java,go,d,fortran,objc,obj-c++ --prefix=/usr --program-suffix=-5 --enable-shared --enable-linker-build-id --libexecdir=/usr/lib --without-included-gettext --enable-threads=posix --libdir=/usr/lib --enable-nls --with-sysroot=/ --enable-clocale=gnu --enable-libstdcxx-debug --enable-libstdcxx-time=yes --with-default-libstdcxx-abi=new --enable-gnu-unique-object --disable-vtable-verify --enable-libmpx --enable-plugin --with-system-zlib --disable-browser-plugin --enable-java-awt=gtk --enable-gtk-cairo --with-java-home=/usr/lib/jvm/java-1.5.0-gcj-5-amd64/jre --enable-java-home --with-jvm-root-dir=/usr/lib/jvm/java-1.5.0-gcj-5-amd64 --with-jvm-jar-dir=/usr/lib/jvm-exports/java-1.5.0-gcj-5-amd64 --with-arch-directory=amd64 --with-ecj-jar=/usr/share/java/eclipse-ecj.jar --enable-objc-gc --enable-multiarch --disable-werror --with-arch-32=i686 --with-abi=m64 --with-multilib-list=m32,m64,mx32 --enable-multilib --with-tune=generic --enable-checking=release --build=x86_64-linux-gnu --host=x86_64-linux-gnu --target=x86_64-linux-gnu
Thread model: posix
gcc version 5.4.0 20160609 (Ubuntu 5.4.0-6ubuntu1~16.04.4) 
configure:12379: $? = 0
configure:12368: gcc -V >&5
gcc: error: unrecognized command line option '-V'
gcc: fatal error: no input files
compilation terminated.
configure:12379: $? = 1
configure:12368: gcc -qversion >&5
gcc: error: unrecognized command line option '-qversion'
gcc: fatal error: no input files
compilation terminated.
configure:12379: $? = 1
configure:12383: checking whether we are using the GNU C compiler
configure:12411: result: yes
configure:12420: checking whether gcc accepts -g
configure:12481: result: yes
configure:12498: checking for gcc option to accept ISO C89
configure:12574: result: none needed
configure:12599: checking whether gcc understands -c and -o together
configure:12636: result: yes
configure:12655: checking dependency style of gcc
configure:12766: result: gcc3
configure:12839: checking for g++
configure:12855: found /usr/bin/g++
configure:12866: result: g++
configure:12893: checking for C++ compiler version
configure:12902: g++ --version >&5
g++ (Ubuntu 5.4.0-6ubuntu1~16.04.4) 5.4.0 20160609
Copyright (C) 2015 Free Software Foundation, Inc.
This is free software; see the source for copying conditions.  There is NO
warranty; not even for MERCHANTABILITY or FITNESS FOR A PARTICULAR PURPOSE.

configure:12913: $? = 0
configure:12902: g++ -v >&5
Using built-in specs.
COLLECT_GCC=g++
COLLECT_LTO_WRAPPER=/usr/lib/gcc/x86_64-linux-gnu/5/lto-wrapper
Target: x86_64-linux-gnu
Configured with: ../src/configure -v --with-pkgversion='Ubuntu 5.4.0-6ubuntu1~16.04.4' --with-bugurl=file:///usr/share/doc/gcc-5/README.Bugs --enable-languages=c,ada,c++,java,go,d,fortran,objc,obj-c++ --prefix=/usr --program-suffix=-5 --enable-shared --enable-linker-build-id --libexecdir=/usr/lib --without-included-gettext --enable-threads=posix --libdir=/usr/lib --enable-nls --with-sysroot=/ --enable-clocale=gnu --enable-libstdcxx-debug --enable-libstdcxx-time=yes --with-default-libstdcxx-abi=new --enable-gnu-unique-object --disable-vtable-verify --enable-libmpx --enable-plugin --with-system-zlib --disable-browser-plugin --enable-java-awt=gtk --enable-gtk-cairo --with-java-home=/usr/lib/jvm/java-1.5.0-gcj-5-amd64/jre --enable-java-home --with-jvm-root-dir=/usr/lib/jvm/java-1.5.0-gcj-5-amd64 --with-jvm-jar-dir=/usr/lib/jvm-exports/java-1.5.0-gcj-5-amd64 --with-arch-directory=amd64 --with-ecj-jar=/usr/share/java/eclipse-ecj.jar --enable-objc-gc --enable-multiarch --disable-werror --with-arch-32=i686 --with-abi=m64 --with-multilib-list=m32,m64,mx32 --enable-multilib --with-tune=generic --enable-checking=release --build=x86_64-linux-gnu --host=x86_64-linux-gnu --target=x86_64-linux-gnu
Thread model: posix
gcc version 5.4.0 20160609 (Ubuntu 5.4.0-6ubuntu1~16.04.4) 
configure:12913: $? = 0
configure:12902: g++ -V >&5
g++: error: unrecognized command line option '-V'
g++: fatal error: no input files
compilation terminated.
configure:12913: $? = 1
configure:12902: g++ -qversion >&5
g++: error: unrecognized command line option '-qversion'
g++: fatal error: no input files
compilation terminated.
configure:12913: $? = 1
configure:12917: checking whether we are using the GNU C++ compiler
configure:12936: g++ -c -g -O0  conftest.cpp >&5
configure:12936: $? = 0
configure:12945: result: yes
configure:12954: checking whether g++ accepts -g
configure:12974: g++ -c -g  conftest.cpp >&5
configure:12974: $? = 0
configure:13015: result: yes
configure:13040: checking dependency style of g++
configure:13151: result: gcc3
configure:13184: checking how to run the C++ preprocessor
configure:13211: g++ -E  conftest.cpp
configure:13211: $? = 0
configure:13225: g++ -E  conftest.cpp
conftest.cpp:23:28: fatal error: ac_nonexistent.h: No such file or directory
compilation terminated.
configure:13225: $? = 1
configure: failed program was:
| /* confdefs.h */
| #define PACKAGE_NAME "apache-yangrpc-example-module"
| #define PACKAGE_TARNAME "apache-yangrpc-example-module"
| #define PACKAGE_VERSION "2.9"
| #define PACKAGE_STRING "apache-yangrpc-example-module 2.9"
| #define PACKAGE_BUGREPORT "vladimir@transpacket.com"
| #define PACKAGE_URL ""
| #define PACKAGE "apache-yangrpc-example-module"
| #define VERSION "2.9"
| #define STDC_HEADERS 1
| #define HAVE_SYS_TYPES_H 1
| #define HAVE_SYS_STAT_H 1
| #define HAVE_STDLIB_H 1
| #define HAVE_STRING_H 1
| #define HAVE_MEMORY_H 1
| #define HAVE_STRINGS_H 1
| #define HAVE_INTTYPES_H 1
| #define HAVE_STDINT_H 1
| #define HAVE_UNISTD_H 1
| #define HAVE_DLFCN_H 1
| #define LT_OBJDIR ".libs/"
| /* end confdefs.h.  */
| #include <ac_nonexistent.h>
configure:13250: result: g++ -E
configure:13270: g++ -E  conftest.cpp
configure:13270: $? = 0
configure:13284: g++ -E  conftest.cpp
conftest.cpp:23:28: fatal error: ac_nonexistent.h: No such file or directory
compilation terminated.
configure:13284: $? = 1
configure: failed program was:
| /* confdefs.h */
| #define PACKAGE_NAME "apache-yangrpc-example-module"
| #define PACKAGE_TARNAME "apache-yangrpc-example-module"
| #define PACKAGE_VERSION "2.9"
| #define PACKAGE_STRING "apache-yangrpc-example-module 2.9"
| #define PACKAGE_BUGREPORT "vladimir@transpacket.com"
| #define PACKAGE_URL ""
| #define PACKAGE "apache-yangrpc-example-module"
| #define VERSION "2.9"
| #define STDC_HEADERS 1
| #define HAVE_SYS_TYPES_H 1
| #define HAVE_SYS_STAT_H 1
| #define HAVE_STDLIB_H 1
| #define HAVE_STRING_H 1
| #define HAVE_MEMORY_H 1
| #define HAVE_STRINGS_H 1
| #define HAVE_INTTYPES_H 1
| #define HAVE_STDINT_H 1
| #define HAVE_UNISTD_H 1
| #define HAVE_DLFCN_H 1
| #define LT_OBJDIR ".libs/"
| /* end confdefs.h.  */
| #include <ac_nonexistent.h>
configure:13446: checking for ld used by g++
configure:13513: result: /usr/bin/ld -m elf_x86_64
configure:13520: checking if the linker (/usr/bin/ld -m elf_x86_64) is GNU ld
configure:13535: result: yes
configure:13590: checking whether the g++ linker (/usr/bin/ld -m elf_x86_64) supports shared libraries
configure:14663: result: yes
configure:14699: g++ -c -g -O0  conftest.cpp >&5
configure:14702: $? = 0
configure:15183: checking for g++ option to produce PIC
configure:15190: result: -fPIC -DPIC
configure:15198: checking if g++ PIC flag -fPIC -DPIC works
configure:15216: g++ -c -g -O0  -fPIC -DPIC -DPIC conftest.cpp >&5
configure:15220: $? = 0
configure:15233: result: yes
configure:15256: checking if g++ static flag -static works
configure:15284: result: yes
configure:15296: checking if g++ supports -c -o file.o
configure:15317: g++ -c -g -O0  -o out/conftest2.o conftest.cpp >&5
configure:15321: $? = 0
configure:15343: result: yes
configure:15348: checking if g++ supports -c -o file.o
configure:15395: result: yes
configure:15425: checking whether the g++ linker (/usr/bin/ld -m elf_x86_64) supports shared libraries
configure:15468: result: yes
configure:15609: checking dynamic linker characteristics
configure:16366: result: GNU/Linux ld.so
configure:16431: checking how to hardcode library paths into programs
configure:16456: result: immediate
configure:16505: checking dependency style of gcc
configure:16614: result: gcc3
configure:16789: checking that generated files are newer than configure
configure:16795: result: done
configure:16830: creating ./config.status

## ---------------------- ##
## Running config.status. ##
## ---------------------- ##

This file was extended by apache-yangrpc-example-module config.status 2.9, which was
generated by GNU Autoconf 2.69.  Invocation command line was

  CONFIG_FILES    = 
  CONFIG_HEADERS  = 
  CONFIG_LINKS    = 
  CONFIG_COMMANDS = 
  $ ./config.status 

on jani-VirtualBox

config.status:1081: creating Makefile
config.status:1253: executing depfiles commands
config.status:1253: executing libtool commands

## ---------------- ##
## Cache variables. ##
## ---------------- ##

ac_cv_build=x86_64-pc-linux-gnu
ac_cv_c_compiler_gnu=yes
ac_cv_cxx_compiler_gnu=yes
ac_cv_env_CCASFLAGS_set=
ac_cv_env_CCASFLAGS_value=
ac_cv_env_CCAS_set=
ac_cv_env_CCAS_value=
ac_cv_env_CCC_set=
ac_cv_env_CCC_value=
ac_cv_env_CC_set=
ac_cv_env_CC_value=
ac_cv_env_CFLAGS_set=set
ac_cv_env_CFLAGS_value='-g -O0'
ac_cv_env_CPPFLAGS_set=
ac_cv_env_CPPFLAGS_value=
ac_cv_env_CPP_set=
ac_cv_env_CPP_value=
ac_cv_env_CXXCPP_set=
ac_cv_env_CXXCPP_value=
ac_cv_env_CXXFLAGS_set=set
ac_cv_env_CXXFLAGS_value='-g -O0'
ac_cv_env_CXX_set=
ac_cv_env_CXX_value=
ac_cv_env_LDFLAGS_set=
ac_cv_env_LDFLAGS_value=
ac_cv_env_LIBS_set=
ac_cv_env_LIBS_value=
ac_cv_env_LT_SYS_LIBRARY_PATH_set=
ac_cv_env_LT_SYS_LIBRARY_PATH_value=
ac_cv_env_build_alias_set=
ac_cv_env_build_alias_value=
ac_cv_env_host_alias_set=
ac_cv_env_host_alias_value=
ac_cv_env_target_alias_set=
ac_cv_env_target_alias_value=
ac_cv_header_dlfcn_h=yes
ac_cv_header_inttypes_h=yes
ac_cv_header_memory_h=yes
ac_cv_header_stdc=yes
ac_cv_header_stdint_h=yes
ac_cv_header_stdlib_h=yes
ac_cv_header_string_h=yes
ac_cv_header_strings_h=yes
ac_cv_header_sys_stat_h=yes
ac_cv_header_sys_types_h=yes
ac_cv_header_unistd_h=yes
ac_cv_host=x86_64-pc-linux-gnu
ac_cv_objext=o
ac_cv_path_EGREP='/bin/grep -E'
ac_cv_path_FGREP='/bin/grep -F'
ac_cv_path_GREP=/bin/grep
ac_cv_path_SED=/bin/sed
ac_cv_path_install='/usr/bin/install -c'
ac_cv_path_lt_DD=/bin/dd
ac_cv_path_mkdir=/bin/mkdir
ac_cv_prog_AWK=mawk
ac_cv_prog_CPP='gcc -E'
ac_cv_prog_CXXCPP='g++ -E'
ac_cv_prog_ac_ct_AR=ar
ac_cv_prog_ac_ct_CC=gcc
ac_cv_prog_ac_ct_CXX=g++
ac_cv_prog_ac_ct_MANIFEST_TOOL=mt
ac_cv_prog_ac_ct_OBJDUMP=objdump
ac_cv_prog_ac_ct_RANLIB=ranlib
ac_cv_prog_ac_ct_STRIP=strip
ac_cv_prog_cc_c89=
ac_cv_prog_cc_g=yes
ac_cv_prog_cxx_g=yes
ac_cv_prog_make_make_set=yes
ac_cv_target=x86_64-pc-linux-gnu
am_cv_CCAS_dependencies_compiler_type=gcc3
am_cv_CC_dependencies_compiler_type=gcc3
am_cv_CXX_dependencies_compiler_type=gcc3
am_cv_make_support_nested_variables=yes
am_cv_prog_cc_c_o=yes
lt_cv_ar_at_file=@
lt_cv_archive_cmds_need_lc=no
lt_cv_deplibs_check_method=pass_all
lt_cv_file_magic_cmd='$MAGIC_CMD'
lt_cv_file_magic_test_file=
lt_cv_ld_reload_flag=-r
lt_cv_nm_interface='BSD nm'
lt_cv_objdir=.libs
lt_cv_path_LD=/usr/bin/ld
lt_cv_path_LDCXX='/usr/bin/ld -m elf_x86_64'
lt_cv_path_NM='/usr/bin/nm -B'
lt_cv_path_mainfest_tool=no
lt_cv_prog_compiler_c_o=yes
lt_cv_prog_compiler_c_o_CXX=yes
lt_cv_prog_compiler_pic='-fPIC -DPIC'
lt_cv_prog_compiler_pic_CXX='-fPIC -DPIC'
lt_cv_prog_compiler_pic_works=yes
lt_cv_prog_compiler_pic_works_CXX=yes
lt_cv_prog_compiler_rtti_exceptions=no
lt_cv_prog_compiler_static_works=yes
lt_cv_prog_compiler_static_works_CXX=yes
lt_cv_prog_gnu_ld=yes
lt_cv_prog_gnu_ldcxx=yes
lt_cv_sharedlib_from_linklib_cmd='printf %s\n'
lt_cv_shlibpath_overrides_runpath=no
lt_cv_sys_global_symbol_pipe='sed -n -e '\''s/^.*[	 ]\([ABCDGIRSTW][ABCDGIRSTW]*\)[	 ][	 ]*\([_A-Za-z][_A-Za-z0-9]*\)$/\1 \2 \2/p'\'' | sed '\''/ __gnu_lto/d'\'''
lt_cv_sys_global_symbol_to_c_name_address='sed -n -e '\''s/^: \(.*\) .*$/  {"\1", (void *) 0},/p'\'' -e '\''s/^[ABCDGIRSTW][ABCDGIRSTW]* .* \(.*\)$/  {"\1", (void *) \&\1},/p'\'''
lt_cv_sys_global_symbol_to_c_name_address_lib_prefix='sed -n -e '\''s/^: \(.*\) .*$/  {"\1", (void *) 0},/p'\'' -e '\''s/^[ABCDGIRSTW][ABCDGIRSTW]* .* \(lib.*\)$/  {"\1", (void *) \&\1},/p'\'' -e '\''s/^[ABCDGIRSTW][ABCDGIRSTW]* .* \(.*\)$/  {"lib\1", (void *) \&\1},/p'\'''
lt_cv_sys_global_symbol_to_cdecl='sed -n -e '\''s/^T .* \(.*\)$/extern int \1();/p'\'' -e '\''s/^[ABCDGIRSTW][ABCDGIRSTW]* .* \(.*\)$/extern char \1;/p'\'''
lt_cv_sys_global_symbol_to_import=
lt_cv_sys_max_cmd_len=1572864
lt_cv_to_host_file_cmd=func_convert_file_noop
lt_cv_to_tool_file_cmd=func_convert_file_noop
lt_cv_truncate_bin='/bin/dd bs=4096 count=1'

## ----------------- ##
## Output variables. ##
## ----------------- ##

ACLOCAL='${SHELL} /home/jani/yuma123/netconf/src/yangrpc/apache-yangrpc-example-module/missing aclocal-1.15'
AMDEPBACKSLASH='\'
AMDEP_FALSE='#'
AMDEP_TRUE=''
AMTAR='$${TAR-tar}'
AM_BACKSLASH='\'
AM_DEFAULT_V='$(AM_DEFAULT_VERBOSITY)'
AM_DEFAULT_VERBOSITY='1'
AM_V='$(V)'
AR='ar'
AUTOCONF='${SHELL} /home/jani/yuma123/netconf/src/yangrpc/apache-yangrpc-example-module/missing autoconf'
AUTOHEADER='${SHELL} /home/jani/yuma123/netconf/src/yangrpc/apache-yangrpc-example-module/missing autoheader'
AUTOMAKE='${SHELL} /home/jani/yuma123/netconf/src/yangrpc/apache-yangrpc-example-module/missing automake-1.15'
AWK='mawk'
CC='gcc'
CCAS='gcc'
CCASDEPMODE='depmode=gcc3'
CCASFLAGS='-g -O0'
CCDEPMODE='depmode=gcc3'
CFLAGS='-g -O0 -g -fPIC -DDEBUG=1 -DLINUX=1 -DGCC=1 -DRELEASE=1'
CPP='gcc -E'
CPPFLAGS=''
CXX='g++'
CXXCPP='g++ -E'
CXXDEPMODE='depmode=gcc3'
CXXFLAGS='-g -O0'
CYGPATH_W='echo'
DEFS='-DPACKAGE_NAME=\"apache-yangrpc-example-module\" -DPACKAGE_TARNAME=\"apache-yangrpc-example-module\" -DPACKAGE_VERSION=\"2.9\" -DPACKAGE_STRING=\"apache-yangrpc-example-module\ 2.9\" -DPACKAGE_BUGREPORT=\"vladimir@transpacket.com\" -DPACKAGE_URL=\"\" -DPACKAGE=\"apache-yangrpc-example-module\" -DVERSION=\"2.9\" -DSTDC_HEADERS=1 -DHAVE_SYS_TYPES_H=1 -DHAVE_SYS_STAT_H=1 -DHAVE_STDLIB_H=1 -DHAVE_STRING_H=1 -DHAVE_MEMORY_H=1 -DHAVE_STRINGS_H=1 -DHAVE_INTTYPES_H=1 -DHAVE_STDINT_H=1 -DHAVE_UNISTD_H=1 -DHAVE_DLFCN_H=1 -DLT_OBJDIR=\".libs/\"'
DEPDIR='.deps'
DLLTOOL='false'
DSYMUTIL=''
DUMPBIN=''
ECHO_C=''
ECHO_N='-n'
ECHO_T=''
EGREP='/bin/grep -E'
EXEEXT=''
FGREP='/bin/grep -F'
GREP='/bin/grep'
INSTALL_DATA='${INSTALL} -m 644'
INSTALL_PROGRAM='${INSTALL}'
INSTALL_SCRIPT='${INSTALL}'
INSTALL_STRIP_PROGRAM='$(install_sh) -c -s'
LD='/usr/bin/ld -m elf_x86_64'
LDFLAGS=''
LIBOBJS=''
LIBS=''
LIBTOOL='$(SHELL) $(top_builddir)/libtool'
LIPO=''
LN_S='ln -s'
LTLIBOBJS=''
LT_SYS_LIBRARY_PATH=''
MAKEINFO='${SHELL} /home/jani/yuma123/netconf/src/yangrpc/apache-yangrpc-example-module/missing makeinfo'
MANIFEST_TOOL=':'
MKDIR_P='/bin/mkdir -p'
NM='/usr/bin/nm -B'
NMEDIT=''
OBJDUMP='objdump'
OBJEXT='o'
OTOOL64=''
OTOOL=''
PACKAGE='apache-yangrpc-example-module'
PACKAGE_BUGREPORT='vladimir@transpacket.com'
PACKAGE_NAME='apache-yangrpc-example-module'
PACKAGE_STRING='apache-yangrpc-example-module 2.9'
PACKAGE_TARNAME='apache-yangrpc-example-module'
PACKAGE_URL=''
PACKAGE_VERSION='2.9'
PATH_SEPARATOR=':'
RANLIB='ranlib'
SED='/bin/sed'
SET_MAKE=''
SHELL='/bin/bash'
STRIP='strip'
VERSION='2.9'
ac_ct_AR='ar'
ac_ct_CC='gcc'
ac_ct_CXX='g++'
ac_ct_DUMPBIN=''
am__EXEEXT_FALSE=''
am__EXEEXT_TRUE='#'
am__fastdepCCAS_FALSE='#'
am__fastdepCCAS_TRUE=''
am__fastdepCC_FALSE='#'
am__fastdepCC_TRUE=''
am__fastdepCXX_FALSE='#'
am__fastdepCXX_TRUE=''
am__include='include'
am__isrc=''
am__leading_dot='.'
am__nodep='_no'
am__quote=''
am__tar='$${TAR-tar} chof - "$$tardir"'
am__untar='$${TAR-tar} xf -'
apachemoduleconfigdir='/etc/apache2/mods-available'
apachemodulelibdir='${exec_prefix}/lib/apache2/modules'
bindir='${exec_prefix}/bin'
build='x86_64-pc-linux-gnu'
build_alias=''
build_cpu='x86_64'
build_os='linux-gnu'
build_vendor='pc'
datadir='${datarootdir}'
datarootdir='${prefix}/share'
docdir='${datarootdir}/doc/${PACKAGE_TARNAME}'
dvidir='${docdir}'
exec_prefix='${prefix}'
host='x86_64-pc-linux-gnu'
host_alias=''
host_cpu='x86_64'
host_os='linux-gnu'
host_vendor='pc'
htmldir='${docdir}'
includedir='${prefix}/include'
infodir='${datarootdir}/info'
install_sh='${SHELL} /home/jani/yuma123/netconf/src/yangrpc/apache-yangrpc-example-module/install-sh'
libdir='${exec_prefix}/lib'
libexecdir='${exec_prefix}/libexec'
localedir='${datarootdir}/locale'
localstatedir='${prefix}/var'
mandir='${datarootdir}/man'
mkdir_p='$(MKDIR_P)'
oldincludedir='/usr/include'
pdfdir='${docdir}'
prefix='/usr'
program_transform_name='s,x,x,'
psdir='${docdir}'
runstatedir='${localstatedir}/run'
sbindir='${exec_prefix}/sbin'
sharedstatedir='${prefix}/com'
sysconfdir='${prefix}/etc'
target='x86_64-pc-linux-gnu'
target_alias=''
target_cpu='x86_64'
target_os='linux-gnu'
target_vendor='pc'

## ----------- ##
## confdefs.h. ##
## ----------- ##

/* confdefs.h */
#define PACKAGE_NAME "apache-yangrpc-example-module"
#define PACKAGE_TARNAME "apache-yangrpc-example-module"
#define PACKAGE_VERSION "2.9"
#define PACKAGE_STRING "apache-yangrpc-example-module 2.9"
#define PACKAGE_BUGREPORT "vladimir@transpacket.com"
#define PACKAGE_URL ""
#define PACKAGE "apache-yangrpc-example-module"
#define VERSION "2.9"
#define STDC_HEADERS 1
#define HAVE_SYS_TYPES_H 1
#define HAVE_SYS_STAT_H 1
#define HAVE_STDLIB_H 1
#define HAVE_STRING_H 1
#define HAVE_MEMORY_H 1
#define HAVE_STRINGS_H 1
#define HAVE_INTTYPES_H 1
#define HAVE_STDINT_H 1
#define HAVE_UNISTD_H 1
#define HAVE_DLFCN_H 1
#define LT_OBJDIR ".libs/"

configure: exit 0
